2025-04-28 05:44:30,841 - INFO - Fetching metric
2025-04-28 05:44:30,841 - INFO - ====== WebDriver manager ======
2025-04-28 05:44:31,196 - INFO - Get LATEST chromedriver version for google-chrome
2025-04-28 05:44:31,218 - INFO - Get LATEST chromedriver version for google-chrome
2025-04-28 05:44:31,227 - INFO - There is no [linux64] chromedriver "135.0.7049.114" for browser google-chrome "135.0.7049" in cache
2025-04-28 05:44:31,227 - INFO - Get LATEST chromedriver version for google-chrome
2025-04-28 05:44:31,271 - INFO - WebDriver version 135.0.7049.114 selected
2025-04-28 05:44:31,273 - INFO - Modern chrome version https://storage.googleapis.com/chrome-for-testing-public/135.0.7049.114/linux64/chromedriver-linux64.zip
2025-04-28 05:44:31,273 - INFO - About to download new driver from https://storage.googleapis.com/chrome-for-testing-public/135.0.7049.114/linux64/chromedriver-linux64.zip
2025-04-28 05:44:31,295 - INFO - Driver downloading response is 200
2025-04-28 05:44:31,344 - INFO - Get LATEST chromedriver version for google-chrome
2025-04-28 05:44:31,462 - INFO - Driver has been saved in cache [/home/runner/.wdm/drivers/chromedriver/linux64/135.0.7049.114]
2025-04-28 05:44:39,003 - INFO - Saved Selenium HTML to debug_selenium.html for inspection
2025-04-28 05:44:39,003 - INFO - Selenium found metric: 180
2025-04-28 05:44:39,182 - INFO - Saved metric 180 at 2025-04-28 05:44:39
2025-04-28 05:57:54,263 - INFO - Fetching metric
2025-04-28 05:57:54,263 - INFO - ====== WebDriver manager ======
2025-04-28 05:57:54,580 - INFO - Get LATEST chromedriver version for google-chrome
2025-04-28 05:57:54,618 - INFO - Get LATEST chromedriver version for google-chrome
2025-04-28 05:57:54,646 - INFO - There is no [linux64] chromedriver "135.0.7049.114" for browser google-chrome "135.0.7049" in cache
2025-04-28 05:57:54,646 - INFO - Get LATEST chromedriver version for google-chrome
2025-04-28 05:57:54,746 - INFO - WebDriver version 135.0.7049.114 selected
2025-04-28 05:57:54,749 - INFO - Modern chrome version https://storage.googleapis.com/chrome-for-testing-public/135.0.7049.114/linux64/chromedriver-linux64.zip
2025-04-28 05:57:54,749 - INFO - About to download new driver from https://storage.googleapis.com/chrome-for-testing-public/135.0.7049.114/linux64/chromedriver-linux64.zip
2025-04-28 05:57:54,787 - INFO - Driver downloading response is 200
2025-04-28 05:57:54,887 - INFO - Get LATEST chromedriver version for google-chrome
2025-04-28 05:57:55,026 - INFO - Driver has been saved in cache [/home/runner/.wdm/drivers/chromedriver/linux64/135.0.7049.114]
2025-04-28 05:58:38,492 - INFO - Saved Selenium HTML to debug_selenium.html for inspection
2025-04-28 05:58:38,493 - INFO - Selenium found metric: 224
2025-04-28 05:58:38,657 - INFO - Saved metric 224 at 2025-04-28 05:58:38
